building Nix...
building the system configuration...
evaluation warning: The option `hardware.pulseaudio' defined in `/home/astro/dotfiles/nixos/configuration.nix' has been renamed to `services.pulseaudio'.
these 6 derivations will be built:
  /nix/store/kzgli0z50mjyfdlpqrb4d9wn9wcwsiyp-mpd.conf.drv
  /nix/store/0q66ljnh1wjyfavim0xzvnpch6k9n6hb-unit-script-mpd-pre-start.drv
  /nix/store/3hdglvg5qzbzl9q87skxbqwk45m1ps01-unit-mpd.service.drv
  /nix/store/m17ck658wq1wid1nbv5ysih5n5hkmb2n-system-units.drv
  /nix/store/aa1p4755l1qgjvmazcb3kagn9rgfmmdy-etc.drv
  /nix/store/55w39hrqcrka8sjkhk14z4wndi9df0hv-nixos-system-compassion-25.05.803579.70c74b02eac4.drv
building '/nix/store/kzgli0z50mjyfdlpqrb4d9wn9wcwsiyp-mpd.conf.drv'...
building '/nix/store/0q66ljnh1wjyfavim0xzvnpch6k9n6hb-unit-script-mpd-pre-start.drv'...
building '/nix/store/3hdglvg5qzbzl9q87skxbqwk45m1ps01-unit-mpd.service.drv'...
building '/nix/store/m17ck658wq1wid1nbv5ysih5n5hkmb2n-system-units.drv'...
building '/nix/store/aa1p4755l1qgjvmazcb3kagn9rgfmmdy-etc.drv'...
building '/nix/store/55w39hrqcrka8sjkhk14z4wndi9df0hv-nixos-system-compassion-25.05.803579.70c74b02eac4.drv'...
stopping the following units: mpd.service
activating the configuration...
setting up /etc...
reloading user units for astro...
restarting sysinit-reactivation.target
starting the following units: mpd.service
the following new units were started: NetworkManager-dispatcher.service
Done. The new configuration is /nix/store/544pw98ajhbchp47yr5s3kc57dc5jpal-nixos-system-compassion-25.05.803579.70c74b02eac4
